<?xml version="1.0" encoding="UTF-8"?>
<!-- Generated by org.testng.reporters.JUnitXMLReporter -->
<testsuite hostname="DESKTOP-3CFQO38" ignored="0" name="Test" tests="3" failures="0" timestamp="23 Jul 2021 02:31:26 GMT" time="49.03" errors="0">
  <testcase name="testLoginLogout" time="12.674" classname="com.hrms.testscripts.TC001"/>
  <testcase name="testAddUser" time="21.816" classname="com.hrms.testscripts.TC002"/>
  <testcase name="testDeleteUser" time="14.493" classname="com.hrms.testscripts.TC003"/>
</testsuite> <!-- Test -->
